\BOOKMARK [1][-]{section.1}{\376\377\000T\000h\000e\000\040\000T\000e\000a\000m}{}% 1
\BOOKMARK [2][-]{subsection.1.1}{\376\377\000F\000o\000u\000n\000d\000i\000n\000g\000\040\000T\000e\000a\000m}{section.1}% 2
\BOOKMARK [3][-]{subsubsection.1.1.1}{\376\377\000T\000a\000h\000a\000\040\000B\000o\000u\000h\000s\000i\000n\000e\000\040\000-\000\040\000C\000o\000-\000F\000o\000u\000n\000d\000e\000r\000\040\000\046\000\040\000C\000E\000O}{subsection.1.1}% 3
\BOOKMARK [3][-]{subsubsection.1.1.2}{\376\377\000P\000o\000p\000p\000y\000\040\000Y\000u\000a\000n\000\040\000-\000\040\000C\000o\000-\000F\000o\000u\000n\000d\000e\000r\000\040\000\046\000\040\000C\000O\000O}{subsection.1.1}% 4
\BOOKMARK [3][-]{subsubsection.1.1.3}{\376\377\000D\000o\000u\000g\000l\000a\000s\000\040\000S\000e\000o\000\040\000-\000\040\000C\000o\000-\000F\000o\000u\000n\000d\000e\000r\000\040\000\046\000\040\000C\000T\000O}{subsection.1.1}% 5
\BOOKMARK [2][-]{subsection.1.2}{\376\377\000W\000h\000y\000\040\000T\000h\000i\000s\000\040\000T\000e\000a\000m\000\040\000W\000i\000l\000l\000\040\000W\000i\000n}{section.1}% 6
\BOOKMARK [2][-]{subsection.1.3}{\376\377\000T\000e\000a\000m\000\040\000E\000x\000p\000a\000n\000s\000i\000o\000n\000\040\000P\000l\000a\000n\000s}{section.1}% 7
\BOOKMARK [1][-]{section.2}{\376\377\000T\000h\000e\000\040\000P\000r\000o\000b\000l\000e\000m}{}% 8
\BOOKMARK [2][-]{subsection.2.1}{\376\377\000T\000h\000e\000\040\000M\000u\000l\000t\000i\000l\000i\000n\000g\000u\000a\000l\000\040\000S\000e\000a\000r\000c\000h\000\040\000C\000r\000i\000s\000i\000s}{section.2}% 9
\BOOKMARK [3][-]{subsubsection.2.1.1}{\376\377\000W\000h\000y\000\040\000E\000x\000i\000s\000t\000i\000n\000g\000\040\000S\000o\000l\000u\000t\000i\000o\000n\000s\000\040\000F\000a\000i\000l}{subsection.2.1}% 10
\BOOKMARK [2][-]{subsection.2.2}{\376\377\000Q\000u\000a\000n\000t\000i\000f\000y\000i\000n\000g\000\040\000t\000h\000e\000\040\000I\000m\000p\000a\000c\000t}{section.2}% 11
\BOOKMARK [2][-]{subsection.2.3}{\376\377\000T\000h\000e\000\040\000T\000e\000c\000h\000n\000i\000c\000a\000l\000\040\000B\000a\000r\000r\000i\000e\000r\000s}{section.2}% 12
\BOOKMARK [2][-]{subsection.2.4}{\376\377\000T\000h\000e\000\040\000S\000i\000m\000i\000l\000a\000r\000i\000t\000y\000\040\000S\000e\000a\000r\000c\000h\000\040\000C\000o\000s\000t\000\040\000B\000o\000t\000t\000l\000e\000n\000e\000c\000k}{section.2}% 13
\BOOKMARK [3][-]{subsubsection.2.4.1}{\376\377\000T\000h\000e\000\040\000O\000\050\000n\000\051\000\040\000S\000c\000a\000l\000i\000n\000g\000\040\000P\000r\000o\000b\000l\000e\000m}{subsection.2.4}% 14
\BOOKMARK [3][-]{subsubsection.2.4.2}{\376\377\000W\000h\000y\000\040\000A\000p\000p\000r\000o\000x\000i\000m\000a\000t\000i\000o\000n\000\040\000F\000a\000i\000l\000s}{subsection.2.4}% 15
\BOOKMARK [3][-]{subsubsection.2.4.3}{\376\377\000T\000h\000e\000\040\000E\000n\000t\000e\000r\000p\000r\000i\000s\000e\000\040\000C\000o\000s\000t\000\040\000C\000r\000i\000s\000i\000s}{subsection.2.4}% 16
\BOOKMARK [2][-]{subsection.2.5}{\376\377\000W\000h\000o\000\040\000E\000x\000p\000e\000r\000i\000e\000n\000c\000e\000s\000\040\000T\000h\000i\000s\000\040\000P\000r\000o\000b\000l\000e\000m}{section.2}% 17
\BOOKMARK [2][-]{subsection.2.6}{\376\377\000W\000h\000y\000\040\000N\000o\000w\000?}{section.2}% 18
\BOOKMARK [2][-]{subsection.2.7}{\376\377\000T\000h\000e\000\040\000M\000a\000r\000k\000e\000t\000\040\000V\000o\000i\000d}{section.2}% 19
\BOOKMARK [1][-]{section.3}{\376\377\000I\000n\000t\000r\000o\000d\000u\000c\000t\000i\000o\000n}{}% 20
\BOOKMARK [2][-]{subsection.3.1}{\376\377\000T\000h\000e\000\040\000M\000a\000r\000k\000e\000t\000\040\000O\000p\000p\000o\000r\000t\000u\000n\000i\000t\000y}{section.3}% 21
\BOOKMARK [2][-]{subsection.3.2}{\376\377\000T\000h\000e\000\040\000C\000o\000s\000m\000a\000\040\000S\000o\000l\000u\000t\000i\000o\000n}{section.3}% 22
\BOOKMARK [1][-]{section.4}{\376\377\000S\000y\000s\000t\000e\000m\000\040\000A\000r\000c\000h\000i\000t\000e\000c\000t\000u\000r\000e}{}% 23
\BOOKMARK [2][-]{subsection.4.1}{\376\377\000H\000i\000g\000h\000-\000L\000e\000v\000e\000l\000\040\000O\000v\000e\000r\000v\000i\000e\000w}{section.4}% 24
\BOOKMARK [2][-]{subsection.4.2}{\376\377\000C\000o\000m\000p\000o\000n\000e\000n\000t\000\040\000I\000n\000t\000e\000r\000a\000c\000t\000i\000o\000n}{section.4}% 25
\BOOKMARK [1][-]{section.5}{\376\377\000C\000o\000s\000m\000a\000\040\000V\000e\000c\000t\000o\000r\000\040\000D\000a\000t\000a\000b\000a\000s\000e\000\040\000\050\000C\000V\000D\000\051}{}% 26
\BOOKMARK [2][-]{subsection.5.1}{\376\377\000T\000h\000e\000\040\000A\000r\000c\000h\000i\000t\000e\000c\000t\000u\000r\000e\000\040\000o\000f\000\040\000E\000f\000f\000i\000c\000i\000e\000n\000c\000y}{section.5}% 27
\BOOKMARK [2][-]{subsection.5.2}{\376\377\000P\000r\000o\000p\000r\000i\000e\000t\000a\000r\000y\000\040\000S\000e\000a\000r\000c\000h\000\040\000E\000x\000e\000c\000u\000t\000i\000o\000n}{section.5}% 28
\BOOKMARK [2][-]{subsection.5.3}{\376\377\000T\000h\000e\000\040\000H\000i\000d\000d\000e\000n\000\040\000T\000a\000x\000e\000s\000\040\000o\000f\000\040\000H\000N\000S\000W\000\040\000\050\000C\000u\000r\000r\000e\000n\000t\000\040\000S\000t\000a\000n\000d\000a\000r\000d\000\051}{section.5}% 29
\BOOKMARK [2][-]{subsection.5.4}{\376\377\000T\000h\000e\000\040\000C\000o\000s\000m\000a\000\040\000A\000d\000v\000a\000n\000t\000a\000g\000e}{section.5}% 30
\BOOKMARK [1][-]{section.6}{\376\377\000C\000o\000s\000m\000a\000\040\000O\000m\000n\000i\000l\000i\000n\000g\000u\000a\000l\000\040\000E\000m\000b\000e\000d\000d\000i\000n\000g\000\040\000M\000o\000d\000e\000l\000s\000\040\000\050\000C\000O\000E\000M\000\051}{}% 31
\BOOKMARK [2][-]{subsection.6.1}{\376\377\000M\000o\000d\000e\000l\000\040\000A\000r\000c\000h\000i\000t\000e\000c\000t\000u\000r\000e}{section.6}% 32
\BOOKMARK [2][-]{subsection.6.2}{\376\377\000T\000r\000a\000i\000n\000i\000n\000g\000\040\000M\000e\000t\000h\000o\000d\000o\000l\000o\000g\000y}{section.6}% 33
\BOOKMARK [2][-]{subsection.6.3}{\376\377\000E\000m\000b\000e\000d\000d\000i\000n\000g\000\040\000S\000p\000a\000c\000e\000\040\000P\000r\000o\000p\000e\000r\000t\000i\000e\000s}{section.6}% 34
\BOOKMARK [1][-]{section.7}{\376\377\000C\000o\000s\000m\000a\000\040\000S\000e\000a\000r\000c\000h\000\040\000L\000a\000y\000e\000r\000\040\000\050\000C\000S\000L\000\051}{}% 35
\BOOKMARK [2][-]{subsection.7.1}{\376\377\000E\000n\000d\000-\000t\000o\000-\000E\000n\000d\000\040\000S\000e\000a\000r\000c\000h\000\040\000S\000e\000q\000u\000e\000n\000c\000e}{section.7}% 36
\BOOKMARK [2][-]{subsection.7.2}{\376\377\000S\000e\000a\000r\000c\000h\000\040\000F\000e\000a\000t\000u\000r\000e\000s}{section.7}% 37
\BOOKMARK [1][-]{section.8}{\376\377\000D\000e\000p\000l\000o\000y\000m\000e\000n\000t\000\040\000M\000o\000d\000e\000l\000s}{}% 38
\BOOKMARK [1][-]{section.9}{\376\377\000S\000e\000c\000u\000r\000i\000t\000y\000\040\000\046\000\040\000C\000o\000m\000p\000l\000i\000a\000n\000c\000e}{}% 39
\BOOKMARK [2][-]{subsection.9.1}{\376\377\000D\000a\000t\000a\000\040\000P\000r\000o\000t\000e\000c\000t\000i\000o\000n}{section.9}% 40
\BOOKMARK [2][-]{subsection.9.2}{\376\377\000C\000o\000m\000p\000l\000i\000a\000n\000c\000e}{section.9}% 41
\BOOKMARK [1][-]{section.10}{\376\377\000P\000e\000r\000f\000o\000r\000m\000a\000n\000c\000e\000\040\000B\000e\000n\000c\000h\000m\000a\000r\000k\000s}{}% 42
\BOOKMARK [1][-]{section.11}{\376\377\000M\000a\000r\000k\000e\000t\000\040\000P\000o\000s\000i\000t\000i\000o\000n\000i\000n\000g}{}% 43
\BOOKMARK [2][-]{subsection.11.1}{\376\377\000C\000o\000m\000p\000e\000t\000i\000t\000i\000v\000e\000\040\000A\000d\000v\000a\000n\000t\000a\000g\000e\000s}{section.11}% 44
\BOOKMARK [2][-]{subsection.11.2}{\376\377\000T\000a\000r\000g\000e\000t\000\040\000M\000a\000r\000k\000e\000t\000s}{section.11}% 45
\BOOKMARK [2][-]{subsection.11.3}{\376\377\000C\000o\000m\000p\000e\000t\000i\000t\000o\000r\000\040\000L\000a\000n\000d\000s\000c\000a\000p\000e}{section.11}% 46
\BOOKMARK [1][-]{section.12}{\376\377\000T\000e\000c\000h\000n\000o\000l\000o\000g\000y\000\040\000R\000o\000a\000d\000m\000a\000p}{}% 47
\BOOKMARK [2][-]{subsection.12.1}{\376\377\000N\000e\000a\000r\000-\000T\000e\000r\000m\000\040\000\050\0006\000-\0001\0002\000\040\000m\000o\000n\000t\000h\000s\000\051}{section.12}% 48
\BOOKMARK [2][-]{subsection.12.2}{\376\377\000M\000i\000d\000-\000T\000e\000r\000m\000\040\000\050\0001\0002\000-\0002\0004\000\040\000m\000o\000n\000t\000h\000s\000\051}{section.12}% 49
\BOOKMARK [2][-]{subsection.12.3}{\376\377\000L\000o\000n\000g\000-\000T\000e\000r\000m\000\040\000\050\0002\0004\000+\000\040\000m\000o\000n\000t\000h\000s\000\051}{section.12}% 50
\BOOKMARK [1][-]{section.13}{\376\377\000B\000u\000s\000i\000n\000e\000s\000s\000\040\000M\000o\000d\000e\000l}{}% 51
\BOOKMARK [2][-]{subsection.13.1}{\376\377\000O\000v\000e\000r\000v\000i\000e\000w}{section.13}% 52
\BOOKMARK [2][-]{subsection.13.2}{\376\377\000R\000e\000v\000e\000n\000u\000e\000\040\000S\000t\000r\000e\000a\000m\000s}{section.13}% 53
\BOOKMARK [2][-]{subsection.13.3}{\376\377\000S\000t\000r\000a\000t\000e\000g\000i\000c\000\040\000B\000u\000s\000i\000n\000e\000s\000s\000\040\000M\000o\000d\000e\000l\000\040\000A\000d\000v\000a\000n\000t\000a\000g\000e\000s}{section.13}% 54
\BOOKMARK [3][-]{subsubsection.13.3.1}{\376\377\0001\000.\000\040\000A\000t\000-\000C\000o\000s\000t\000\040\000I\000n\000f\000r\000a\000s\000t\000r\000u\000c\000t\000u\000r\000e\000\040\000P\000a\000s\000s\000-\000T\000h\000r\000o\000u\000g\000h}{subsection.13.3}% 55
\BOOKMARK [3][-]{subsubsection.13.3.2}{\376\377\0002\000.\000\040\000A\000n\000n\000u\000a\000l\000\040\000C\000o\000m\000m\000i\000t\000m\000e\000n\000t\000s\000\040\000=\000\040\000P\000r\000e\000d\000i\000c\000t\000a\000b\000l\000e\000\040\000R\000e\000v\000e\000n\000u\000e}{subsection.13.3}% 56
\BOOKMARK [3][-]{subsubsection.13.3.3}{\376\377\0003\000.\000\040\000Z\000e\000r\000o\000-\000F\000e\000e\000\040\000S\000c\000a\000l\000i\000n\000g\000\040\000F\000l\000e\000x\000i\000b\000i\000l\000i\000t\000y}{subsection.13.3}% 57
\BOOKMARK [3][-]{subsubsection.13.3.4}{\376\377\0004\000.\000\040\000H\000y\000b\000r\000i\000d\000\040\000P\000a\000y\000-\000A\000s\000-\000Y\000o\000u\000-\000G\000o\000\040\000+\000\040\000S\000u\000b\000s\000c\000r\000i\000p\000t\000i\000o\000n\000\040\000M\000o\000d\000e\000l}{subsection.13.3}% 58
\BOOKMARK [2][-]{subsection.13.4}{\376\377\000C\000O\000E\000M\000\040\000M\000o\000d\000e\000l\000\040\000P\000r\000i\000c\000i\000n\000g\000\040\000T\000i\000e\000r\000s}{section.13}% 59
\BOOKMARK [2][-]{subsection.13.5}{\376\377\000C\000u\000s\000t\000o\000m\000e\000r\000\040\000S\000e\000g\000m\000e\000n\000t\000a\000t\000i\000o\000n}{section.13}% 60
\BOOKMARK [2][-]{subsection.13.6}{\376\377\000U\000n\000i\000t\000\040\000E\000c\000o\000n\000o\000m\000i\000c\000s\000\040\000b\000y\000\040\000S\000e\000g\000m\000e\000n\000t}{section.13}% 61
\BOOKMARK [3][-]{subsubsection.13.6.1}{\376\377\000I\000n\000d\000i\000v\000i\000d\000u\000a\000l\000s\000\040\000\046\000\040\000H\000o\000b\000b\000y\000i\000s\000t\000s}{subsection.13.6}% 62
\BOOKMARK [3][-]{subsubsection.13.6.2}{\376\377\000S\000m\000a\000l\000l\000\040\000S\000t\000a\000r\000t\000u\000p\000s}{subsection.13.6}% 63
\BOOKMARK [3][-]{subsubsection.13.6.3}{\376\377\000M\000e\000d\000i\000u\000m\000\040\000C\000o\000m\000p\000a\000n\000i\000e\000s}{subsection.13.6}% 64
\BOOKMARK [3][-]{subsubsection.13.6.4}{\376\377\000L\000a\000r\000g\000e\000\040\000E\000n\000t\000e\000r\000p\000r\000i\000s\000e\000s}{subsection.13.6}% 65
\BOOKMARK [3][-]{subsubsection.13.6.5}{\376\377\000T\000e\000c\000h\000n\000o\000l\000o\000g\000y\000\040\000G\000i\000a\000n\000t\000s}{subsection.13.6}% 66
\BOOKMARK [2][-]{subsection.13.7}{\376\377\000R\000e\000v\000e\000n\000u\000e\000\040\000S\000t\000r\000e\000a\000m\000\040\000M\000i\000x}{section.13}% 67
\BOOKMARK [2][-]{subsection.13.8}{\376\377\0005\000-\000Y\000e\000a\000r\000\040\000R\000e\000v\000e\000n\000u\000e\000\040\000P\000r\000o\000j\000e\000c\000t\000i\000o\000n}{section.13}% 68
\BOOKMARK [2][-]{subsection.13.9}{\376\377\000K\000e\000y\000\040\000G\000r\000o\000w\000t\000h\000\040\000A\000s\000s\000u\000m\000p\000t\000i\000o\000n\000s}{section.13}% 69
\BOOKMARK [2][-]{subsection.13.10}{\376\377\000L\000e\000a\000n\000\040\000T\000e\000a\000m\000\040\000S\000t\000r\000a\000t\000e\000g\000y\000:\000\040\000C\000a\000p\000i\000t\000a\000l\000-\000E\000f\000f\000i\000c\000i\000e\000n\000t\000\040\000S\000c\000a\000l\000i\000n\000g}{section.13}% 70
\BOOKMARK [3][-]{subsubsection.13.10.1}{\376\377\000H\000e\000a\000d\000c\000o\000u\000n\000t\000\040\000P\000r\000o\000j\000e\000c\000t\000i\000o\000n}{subsection.13.10}% 71
\BOOKMARK [3][-]{subsubsection.13.10.2}{\376\377\000H\000o\000w\000\040\000W\000e\000\040\000S\000t\000a\000y\000\040\000L\000e\000a\000n}{subsection.13.10}% 72
\BOOKMARK [3][-]{subsubsection.13.10.3}{\376\377\000B\000e\000n\000c\000h\000m\000a\000r\000k\000\040\000C\000o\000m\000p\000a\000r\000i\000s\000o\000n}{subsection.13.10}% 73
\BOOKMARK [2][-]{subsection.13.11}{\376\377\000P\000a\000t\000h\000\040\000t\000o\000\040\000P\000r\000o\000f\000i\000t\000a\000b\000i\000l\000i\000t\000y}{section.13}% 74
\BOOKMARK [1][-]{section.14}{\376\377\000I\000n\000t\000e\000l\000l\000e\000c\000t\000u\000a\000l\000\040\000P\000r\000o\000p\000e\000r\000t\000y}{}% 75
\BOOKMARK [2][-]{subsection.14.1}{\376\377\000P\000r\000o\000p\000r\000i\000e\000t\000a\000r\000y\000\040\000T\000e\000c\000h\000n\000o\000l\000o\000g\000y}{section.14}% 76
\BOOKMARK [2][-]{subsection.14.2}{\376\377\000L\000i\000c\000e\000n\000s\000i\000n\000g\000\040\000S\000t\000r\000a\000t\000e\000g\000y}{section.14}% 77
\BOOKMARK [1][-]{section.15}{\376\377\000R\000i\000s\000k\000\040\000F\000a\000c\000t\000o\000r\000s\000\040\000\046\000\040\000M\000i\000t\000i\000g\000a\000t\000i\000o\000n}{}% 78
\BOOKMARK [2][-]{subsection.15.1}{\376\377\000M\000a\000r\000k\000e\000t\000\040\000\046\000\040\000C\000o\000m\000p\000e\000t\000i\000t\000i\000v\000e\000\040\000R\000i\000s\000k\000s}{section.15}% 79
\BOOKMARK [3][-]{subsubsection.15.1.1}{\376\377\000R\000i\000s\000k\000:\000\040\000C\000o\000m\000p\000e\000t\000i\000t\000i\000v\000e\000\040\000R\000e\000p\000l\000i\000c\000a\000t\000i\000o\000n}{subsection.15.1}% 80
\BOOKMARK [3][-]{subsubsection.15.1.2}{\376\377\000R\000i\000s\000k\000:\000\040\000B\000i\000g\000\040\000T\000e\000c\000h\000\040\000C\000o\000m\000p\000e\000t\000i\000t\000i\000o\000n}{subsection.15.1}% 81
\BOOKMARK [3][-]{subsubsection.15.1.3}{\376\377\000R\000i\000s\000k\000:\000\040\000M\000a\000r\000k\000e\000t\000\040\000T\000i\000m\000i\000n\000g}{subsection.15.1}% 82
\BOOKMARK [2][-]{subsection.15.2}{\376\377\000T\000e\000c\000h\000n\000i\000c\000a\000l\000\040\000R\000i\000s\000k\000s}{section.15}% 83
\BOOKMARK [3][-]{subsubsection.15.2.1}{\376\377\000R\000i\000s\000k\000:\000\040\000S\000c\000a\000l\000i\000n\000g\000\040\000C\000h\000a\000l\000l\000e\000n\000g\000e\000s}{subsection.15.2}% 84
\BOOKMARK [3][-]{subsubsection.15.2.2}{\376\377\000R\000i\000s\000k\000:\000\040\000M\000o\000d\000e\000l\000\040\000P\000e\000r\000f\000o\000r\000m\000a\000n\000c\000e}{subsection.15.2}% 85
\BOOKMARK [2][-]{subsection.15.3}{\376\377\000E\000x\000e\000c\000u\000t\000i\000o\000n\000\040\000R\000i\000s\000k\000s}{section.15}% 86
\BOOKMARK [3][-]{subsubsection.15.3.1}{\376\377\000R\000i\000s\000k\000:\000\040\000C\000u\000s\000t\000o\000m\000e\000r\000\040\000A\000c\000q\000u\000i\000s\000i\000t\000i\000o\000n}{subsection.15.3}% 87
\BOOKMARK [3][-]{subsubsection.15.3.2}{\376\377\000R\000i\000s\000k\000:\000\040\000O\000p\000e\000r\000a\000t\000i\000o\000n\000a\000l\000\040\000C\000o\000m\000p\000l\000e\000x\000i\000t\000y}{subsection.15.3}% 88
\BOOKMARK [2][-]{subsection.15.4}{\376\377\000R\000e\000g\000u\000l\000a\000t\000o\000r\000y\000\040\000\046\000\040\000C\000o\000m\000p\000l\000i\000a\000n\000c\000e\000\040\000R\000i\000s\000k\000s}{section.15}% 89
\BOOKMARK [3][-]{subsubsection.15.4.1}{\376\377\000R\000i\000s\000k\000:\000\040\000D\000a\000t\000a\000\040\000P\000r\000i\000v\000a\000c\000y\000\040\000R\000e\000g\000u\000l\000a\000t\000i\000o\000n\000s}{subsection.15.4}% 90
\BOOKMARK [3][-]{subsubsection.15.4.2}{\376\377\000R\000i\000s\000k\000:\000\040\000A\000I\000\040\000L\000i\000a\000b\000i\000l\000i\000t\000y\000\040\000\046\000\040\000E\000t\000h\000i\000c\000s}{subsection.15.4}% 91
\BOOKMARK [2][-]{subsection.15.5}{\376\377\000F\000i\000n\000a\000n\000c\000i\000a\000l\000\040\000R\000i\000s\000k\000s}{section.15}% 92
\BOOKMARK [3][-]{subsubsection.15.5.1}{\376\377\000R\000i\000s\000k\000:\000\040\000L\000o\000n\000g\000e\000r\000\040\000R\000u\000n\000w\000a\000y\000\040\000N\000e\000e\000d\000e\000d}{subsection.15.5}% 93
\BOOKMARK [2][-]{subsection.15.6}{\376\377\000R\000i\000s\000k\000\040\000M\000a\000n\000a\000g\000e\000m\000e\000n\000t\000\040\000P\000h\000i\000l\000o\000s\000o\000p\000h\000y}{section.15}% 94
\BOOKMARK [1][-]{section.16}{\376\377\000T\000h\000e\000\040\000A\000s\000k\000:\000\040\000\044\0001\000.\0001\0001\000M\000\040\000P\000r\000e\000-\000S\000e\000e\000d\000\040\000R\000o\000u\000n\000d}{}% 95
\BOOKMARK [2][-]{subsection.16.1}{\376\377\000F\000u\000n\000d\000i\000n\000g\000\040\000R\000e\000q\000u\000e\000s\000t}{section.16}% 96
\BOOKMARK [2][-]{subsection.16.2}{\376\377\000U\000s\000e\000\040\000o\000f\000\040\000F\000u\000n\000d\000s}{section.16}% 97
\BOOKMARK [2][-]{subsection.16.3}{\376\377\000K\000e\000y\000\040\000M\000i\000l\000e\000s\000t\000o\000n\000e\000s\000\040\000w\000i\000t\000h\000\040\000T\000h\000i\000s\000\040\000F\000u\000n\000d\000i\000n\000g}{section.16}% 98
\BOOKMARK [3][-]{subsubsection.16.3.1}{\376\377\000T\000e\000c\000h\000n\000i\000c\000a\000l\000\040\000M\000i\000l\000e\000s\000t\000o\000n\000e\000s\000\040\000\050\000M\000o\000n\000t\000h\000s\000\040\0001\000-\0009\000\051}{subsection.16.3}% 99
\BOOKMARK [3][-]{subsubsection.16.3.2}{\376\377\000C\000o\000m\000m\000e\000r\000c\000i\000a\000l\000\040\000M\000i\000l\000e\000s\000t\000o\000n\000e\000s\000\040\000\050\000M\000o\000n\000t\000h\000s\000\040\0006\000-\0001\0008\000\051}{subsection.16.3}% 100
\BOOKMARK [2][-]{subsection.16.4}{\376\377\000C\000a\000p\000i\000t\000a\000l\000\040\000E\000f\000f\000i\000c\000i\000e\000n\000c\000y\000\040\000S\000t\000r\000a\000t\000e\000g\000y}{section.16}% 101
\BOOKMARK [2][-]{subsection.16.5}{\376\377\000B\000u\000s\000i\000n\000e\000s\000s\000\040\000M\000o\000d\000e\000l\000\040\000M\000o\000a\000t\000s\000:\000\040\000B\000u\000i\000l\000t\000-\000I\000n\000\040\000D\000e\000f\000e\000n\000s\000i\000b\000i\000l\000i\000t\000y}{section.16}% 102
\BOOKMARK [3][-]{subsubsection.16.5.1}{\376\377\0001\000.\000\040\000S\000e\000l\000f\000-\000F\000u\000n\000d\000i\000n\000g\000\040\000G\000r\000o\000w\000t\000h\000\040\000E\000n\000g\000i\000n\000e}{subsection.16.5}% 103
\BOOKMARK [3][-]{subsubsection.16.5.2}{\376\377\0002\000.\000\040\000C\000o\000m\000p\000e\000t\000i\000t\000i\000v\000e\000\040\000I\000m\000m\000u\000n\000i\000t\000y\000\040\000f\000r\000o\000m\000\040\000A\000t\000-\000C\000o\000s\000t\000\040\000P\000a\000s\000s\000-\000T\000h\000r\000o\000u\000g\000h}{subsection.16.5}% 104
\BOOKMARK [3][-]{subsubsection.16.5.3}{\376\377\0003\000.\000\040\000E\000x\000p\000a\000n\000s\000i\000o\000n\000\040\000R\000e\000v\000e\000n\000u\000e\000\040\000B\000u\000i\000l\000t\000\040\000I\000n\000t\000o\000\040\000A\000r\000c\000h\000i\000t\000e\000c\000t\000u\000r\000e}{subsection.16.5}% 105
\BOOKMARK [3][-]{subsubsection.16.5.4}{\376\377\0004\000.\000\040\000T\000e\000c\000h\000n\000i\000c\000a\000l\000\040\000M\000o\000a\000t\000\040\000=\000\040\000P\000r\000i\000c\000i\000n\000g\000\040\000M\000o\000a\000t}{subsection.16.5}% 106
\BOOKMARK [2][-]{subsection.16.6}{\376\377\000W\000h\000y\000\040\000T\000h\000i\000s\000\040\000R\000o\000u\000n\000d\000\040\000S\000e\000t\000s\000\040\000U\000s\000\040\000U\000p\000\040\000f\000o\000r\000\040\000S\000e\000r\000i\000e\000s\000\040\000A}{section.16}% 107
\BOOKMARK [2][-]{subsection.16.7}{\376\377\000P\000o\000s\000t\000-\000S\000e\000r\000i\000e\000s\000\040\000A\000\040\000V\000i\000s\000i\000o\000n\000\040\000\050\0001\0008\000-\0003\0006\000\040\000M\000o\000n\000t\000h\000s\000\051}{section.16}% 108
\BOOKMARK [1][-]{section.17}{\376\377\000C\000o\000n\000c\000l\000u\000s\000i\000o\000n}{}% 109
\BOOKMARK [1][-]{appendix.A}{\376\377\000C\000o\000m\000p\000e\000t\000i\000t\000o\000r\000\040\000P\000r\000i\000c\000i\000n\000g\000\040\000D\000e\000t\000a\000i\000l\000s}{}% 110
\BOOKMARK [2][-]{subsection.A.1}{\376\377\000V\000o\000y\000a\000g\000e\000\040\000A\000I\000\040\000D\000e\000t\000a\000i\000l\000e\000d\000\040\000P\000r\000i\000c\000i\000n\000g}{appendix.A}% 111
\BOOKMARK [3][-]{subsubsection.A.1.1}{\376\377\000T\000e\000x\000t\000\040\000E\000m\000b\000e\000d\000d\000i\000n\000g\000\040\000M\000o\000d\000e\000l\000s}{subsection.A.1}% 112
\BOOKMARK [3][-]{subsubsection.A.1.2}{\376\377\000M\000u\000l\000t\000i\000m\000o\000d\000a\000l\000\040\000E\000m\000b\000e\000d\000d\000i\000n\000g\000s}{subsection.A.1}% 113
\BOOKMARK [3][-]{subsubsection.A.1.3}{\376\377\000R\000e\000r\000a\000n\000k\000e\000r\000s}{subsection.A.1}% 114
\BOOKMARK [2][-]{subsection.A.2}{\376\377\000V\000e\000c\000t\000o\000r\000\040\000S\000c\000a\000l\000i\000n\000g\000\040\000C\000o\000s\000t\000s}{appendix.A}% 115
\BOOKMARK [2][-]{subsection.A.3}{\376\377\000S\000e\000a\000r\000c\000h\000\040\000C\000o\000s\000t\000\040\000S\000c\000a\000l\000i\000n\000g\000\040\000\050\0001\000M\000\040\000v\000s\000\040\0001\0000\0000\000M\000\040\000v\000s\000\040\0001\000B\000\040\000V\000e\000c\000t\000o\000r\000s\000\051}{appendix.A}% 116
